{"uuid":"efb87fc7-c7bb-4d57-837b-74e446ba2d70","historyId":"3a5217fc5414b5792bfa647f6a26e69d","fullName":"tests.MyInfoTest.fileDownload","labels":[{"name":"package","value":"tests.MyInfoTest"},{"name":"testClass","value":"tests.MyInfoTest"},{"name":"testMethod","value":"fileDownload"},{"name":"parentSuite","value":"Default Suite"},{"name":"suite","value":"Selenium"},{"name":"subSuite","value":"tests.MyInfoTest"},{"name":"host","value":"TATIANA"},{"name":"thread","value":"3436@TATIANA.main(1)"},{"name":"framework","value":"testng"},{"name":"language","value":"java"},{"name":"tag","value":""}],"links":[],"name":"fileDownload","status":"broken","statusDetails":{"known":false,"muted":false,"flaky":false,"message":"The element does not have href attribute: <i class=\"oxd-icon bi-download\" data-v-bddebfba data-v-f5c763eb></i>","trace":"java.lang.IllegalArgumentException: The element does not have href attribute: <i class=\"oxd-icon bi-download\" data-v-bddebfba data-v-f5c763eb></i>\r\n\tat com.codeborne.selenide.impl.DownloadFileWithHttpRequest.download(DownloadFileWithHttpRequest.java:79)\r\n\tat com.codeborne.selenide.commands.DownloadFile.execute(DownloadFile.java:60)\r\n\tat com.codeborne.selenide.commands.DownloadFile.execute(DownloadFile.java:28)\r\n\tat com.codeborne.selenide.commands.Commands.execute(Commands.java:161)\r\n\tat com.codeborne.selenide.impl.SelenideElementProxy.dispatchAndRetry(SelenideElementProxy.java:132)\r\n\tat com.codeborne.selenide.impl.SelenideElementProxy.invoke(SelenideElementProxy.java:84)\r\n\tat jdk.proxy2/jdk.proxy2.$Proxy9.download(Unknown Source)\r\n\tat tests.MyInfoTest.fileDownload(MyInfoTest.java:58)\r\n\tat java.base/jdk.internal.reflect.DirectMethodHandleAccessor.invoke(DirectMethodHandleAccessor.java:103)\r\n\tat java.base/java.lang.reflect.Method.invoke(Method.java:580)\r\n\tat org.testng.internal.invokers.MethodInvocationHelper.invokeMethod(MethodInvocationHelper.java:139)\r\n\tat org.testng.internal.invokers.TestInvoker.invokeMethod(TestInvoker.java:664)\r\n\tat org.testng.internal.invokers.TestInvoker.invokeTestMethod(TestInvoker.java:227)\r\n\tat org.testng.internal.invokers.MethodRunner.runInSequence(MethodRunner.java:50)\r\n\tat org.testng.internal.invokers.TestInvoker$MethodInvocationAgent.invoke(TestInvoker.java:957)\r\n\tat org.testng.internal.invokers.TestInvoker.invokeTestMethods(TestInvoker.java:200)\r\n\tat org.testng.internal.invokers.TestMethodWorker.invokeTestMethods(TestMethodWorker.java:148)\r\n\tat org.testng.internal.invokers.TestMethodWorker.run(TestMethodWorker.java:128)\r\n\tat java.base/java.util.ArrayList.forEach(ArrayList.java:1596)\r\n\tat org.testng.TestRunner.privateRun(TestRunner.java:848)\r\n\tat org.testng.TestRunner.run(TestRunner.java:621)\r\n\tat org.testng.SuiteRunner.runTest(SuiteRunner.java:443)\r\n\tat org.testng.SuiteRunner.runSequentially(SuiteRunner.java:437)\r\n\tat org.testng.SuiteRunner.privateRun(SuiteRunner.java:397)\r\n\tat org.testng.SuiteRunner.run(SuiteRunner.java:336)\r\n\tat org.testng.SuiteRunnerWorker.runSuite(SuiteRunnerWorker.java:52)\r\n\tat org.testng.SuiteRunnerWorker.run(SuiteRunnerWorker.java:95)\r\n\tat org.testng.TestNG.runSuitesSequentially(TestNG.java:1280)\r\n\tat org.testng.TestNG.runSuitesLocally(TestNG.java:1200)\r\n\tat org.testng.TestNG.runSuites(TestNG.java:1114)\r\n\tat org.testng.TestNG.run(TestNG.java:1082)\r\n\tat com.intellij.rt.testng.IDEARemoteTestNG.run(IDEARemoteTestNG.java:65)\r\n\tat com.intellij.rt.testng.RemoteTestNGStarter.main(RemoteTestNGStarter.java:105)\r\n"},"stage":"finished","steps":[{"name":"$(\"By.name: username\") set value(Admin)","status":"passed","stage":"finished","steps":[],"attachments":[],"parameters":[],"start":1703094637193,"stop":1703094637612},{"name":"$(\"By.name: username\") should have(attribute value=\"Admin\")","status":"passed","stage":"finished","steps":[],"attachments":[],"parameters":[],"start":1703094637614,"stop":1703094637629},{"name":"$(\"By.name: password\") set value(admin123)","status":"passed","stage":"finished","steps":[],"attachments":[],"parameters":[],"start":1703094637629,"stop":1703094637698},{"name":"$(\"By.name: password\") should have(attribute value=\"admin123\")","status":"passed","stage":"finished","steps":[],"attachments":[],"parameters":[],"start":1703094637698,"stop":1703094637710},{"name":"$(\"By.xpath: //button[@type='submit']\") click()","status":"passed","stage":"finished","steps":[],"attachments":[],"parameters":[],"start":1703094637710,"stop":1703094637749},{"name":"$(\"By.xpath: //a[@href='/web/index.php/pim/viewMyDetails']\") click()","status":"passed","stage":"finished","steps":[],"attachments":[],"parameters":[],"start":1703094637749,"stop":1703094640367},{"name":"$(\"By.xpath: //a[@href='/web/index.php/pim/viewMemberships/empNumber/7']\") click()","status":"passed","stage":"finished","steps":[],"attachments":[],"parameters":[],"start":1703094640367,"stop":1703094641540},{"name":"$(\"By.xpath: //button/i[@class='oxd-icon bi-download']\") download()","status":"broken","statusDetails":{"known":false,"muted":false,"flaky":false,"message":"The element does not have href attribute: <i class=\"oxd-icon bi-download\" data-v-bddebfba data-v-f5c763eb></i>","trace":"java.lang.IllegalArgumentException: The element does not have href attribute: <i class=\"oxd-icon bi-download\" data-v-bddebfba data-v-f5c763eb></i>\r\n\tat com.codeborne.selenide.impl.DownloadFileWithHttpRequest.download(DownloadFileWithHttpRequest.java:79)\r\n\tat com.codeborne.selenide.commands.DownloadFile.execute(DownloadFile.java:60)\r\n\tat com.codeborne.selenide.commands.DownloadFile.execute(DownloadFile.java:28)\r\n\tat com.codeborne.selenide.commands.Commands.execute(Commands.java:161)\r\n\tat com.codeborne.selenide.impl.SelenideElementProxy.dispatchAndRetry(SelenideElementProxy.java:132)\r\n\tat com.codeborne.selenide.impl.SelenideElementProxy.invoke(SelenideElementProxy.java:84)\r\n\tat jdk.proxy2/jdk.proxy2.$Proxy9.download(Unknown Source)\r\n\tat tests.MyInfoTest.fileDownload(MyInfoTest.java:58)\r\n\tat java.base/jdk.internal.reflect.DirectMethodHandleAccessor.invoke(DirectMethodHandleAccessor.java:103)\r\n\tat java.base/java.lang.reflect.Method.invoke(Method.java:580)\r\n\tat org.testng.internal.invokers.MethodInvocationHelper.invokeMethod(MethodInvocationHelper.java:139)\r\n\tat org.testng.internal.invokers.TestInvoker.invokeMethod(TestInvoker.java:664)\r\n\tat org.testng.internal.invokers.TestInvoker.invokeTestMethod(TestInvoker.java:227)\r\n\tat org.testng.internal.invokers.MethodRunner.runInSequence(MethodRunner.java:50)\r\n\tat org.testng.internal.invokers.TestInvoker$MethodInvocationAgent.invoke(TestInvoker.java:957)\r\n\tat org.testng.internal.invokers.TestInvoker.invokeTestMethods(TestInvoker.java:200)\r\n\tat org.testng.internal.invokers.TestMethodWorker.invokeTestMethods(TestMethodWorker.java:148)\r\n\tat org.testng.internal.invokers.TestMethodWorker.run(TestMethodWorker.java:128)\r\n\tat java.base/java.util.ArrayList.forEach(ArrayList.java:1596)\r\n\tat org.testng.TestRunner.privateRun(TestRunner.java:848)\r\n\tat org.testng.TestRunner.run(TestRunner.java:621)\r\n\tat org.testng.SuiteRunner.runTest(SuiteRunner.java:443)\r\n\tat org.testng.SuiteRunner.runSequentially(SuiteRunner.java:437)\r\n\tat org.testng.SuiteRunner.privateRun(SuiteRunner.java:397)\r\n\tat org.testng.SuiteRunner.run(SuiteRunner.java:336)\r\n\tat org.testng.SuiteRunnerWorker.runSuite(SuiteRunnerWorker.java:52)\r\n\tat org.testng.SuiteRunnerWorker.run(SuiteRunnerWorker.java:95)\r\n\tat org.testng.TestNG.runSuitesSequentially(TestNG.java:1280)\r\n\tat org.testng.TestNG.runSuitesLocally(TestNG.java:1200)\r\n\tat org.testng.TestNG.runSuites(TestNG.java:1114)\r\n\tat org.testng.TestNG.run(TestNG.java:1082)\r\n\tat com.intellij.rt.testng.IDEARemoteTestNG.run(IDEARemoteTestNG.java:65)\r\n\tat com.intellij.rt.testng.RemoteTestNGStarter.main(RemoteTestNGStarter.java:105)\r\n"},"stage":"finished","steps":[],"attachments":[{"name":"Screenshot","source":"bc02636b-5dbd-47a9-8466-1a76c531ec5f-attachment.png","type":"image/png"},{"name":"Page source","source":"40116266-f392-48e7-b56e-becbb2e7c5a8-attachment.html","type":"text/html"}],"parameters":[],"start":1703094641540,"stop":1703094642380}],"attachments":[],"parameters":[],"start":1703094637190,"stop":1703094642382}